{
  "stats": {
    "suites": 0,
    "tests": 1,
    "passes": 0,
    "pending": 0,
    "failures": 1,
    "start": "2024-12-12T06:14:26.045Z",
    "end": "2024-12-12T06:14:27.231Z",
    "duration": 1186,
    "testsRegistered": 1,
    "passPercent": 0,
    "pendingPercent": 0,
    "other": 0,
    "hasOther": false,
    "skipped": 0,
    "hasSkipped": false
  },
  "results": [
    {
      "uuid": "b5e63293-12fe-4c4c-bae5-5e9c7a46deef",
      "title": "",
      "fullFile": "cypress\\integration\\Magento_BDD_FW\\AccountCreation.feature",
      "file": "cypress\\integration\\Magento_BDD_FW\\AccountCreation.feature",
      "beforeHooks": [],
      "afterHooks": [],
      "tests": [
        {
          "title": "An uncaught error was detected outside of a test",
          "fullTitle": "An uncaught error was detected outside of a test",
          "timedOut": null,
          "duration": 576,
          "state": "failed",
          "speed": null,
          "pass": false,
          "fail": true,
          "pending": false,
          "context": null,
          "code": "throw err;",
          "err": {
            "message": "TypeError: The following error originated from your test code, not from Cypress.\n\n  > (0 , _cypressCucumberPreprocessor.And) is not a function\n\nWhen Cypress detects uncaught errors originating from your test code it will automatically fail the current test.\n\nCypress could not associate this error to any specific test.\n\nWe dynamically generated a new test to display this failure.",
            "estack": "TypeError: The following error originated from your test code, not from Cypress.\n\n  > (0 , _cypressCucumberPreprocessor.And) is not a function\n\nWhen Cypress detects uncaught errors originating from your test code it will automatically fail the current test.\n\nCypress could not associate this error to any specific test.\n\nWe dynamically generated a new test to display this failure.\n    at 2.../../../support/Magento_PageObjects/AcctCreationPage (cypress/integration/Magento_BDD_FW/AccountCreation/AcctCreation_step.js:10:5)\n    at o (node_modules/browser-pack/_prelude.js:1:0)\n    at eval (node_modules/browser-pack/_prelude.js:1:0)\n    at 1.E:\\D-Drive\\CypressAutomation\\com.incubyte.magento-project\\cypress\\integration\\Magento_BDD_FW\\AccountCreation\\AcctCreation_step.js (cypress/integration/Magento_BDD_FW/AccountCreation.feature:6:0)\n    at o (node_modules/browser-pack/_prelude.js:1:0)\n    at r (node_modules/browser-pack/_prelude.js:1:0)\n    at eval (node_modules/browser-pack/_prelude.js:1:0)\n    at eval (<anonymous>)",
            "diff": null
          },
          "uuid": "204ce79a-e8ac-4b70-84f2-72da800f53be",
          "parentUUID": "b5e63293-12fe-4c4c-bae5-5e9c7a46deef",
          "isHook": false,
          "skipped": false
        }
      ],
      "suites": [],
      "passes": [],
      "failures": [
        "204ce79a-e8ac-4b70-84f2-72da800f53be"
      ],
      "pending": [],
      "skipped": [],
      "duration": 576,
      "root": true,
      "rootEmpty": false,
      "_timeout": 2000
    }
  ],
  "meta": {
    "mocha": {
      "version": "7.0.1"
    },
    "mochawesome": {
      "options": {
        "quiet": false,
        "reportFilename": "mochawesome",
        "saveHtml": false,
        "saveJson": true,
        "consoleReporter": "spec",
        "useInlineDiffs": false,
        "code": true
      },
      "version": "7.1.3"
    },
    "marge": {
      "options": {
        "overwrite": false,
        "html": false,
        "json": true,
        "reportDir": "cypress\\reports\\html\\.jsons"
      },
      "version": "6.2.0"
    }
  }
}